<?xml version="1.0" encoding="UTF-8"?>
<testsuites name="All-test-cases" time="104" tests="2" failures="0" errors="0">
   <testsuite name="All-test-cases" tests="2" failures="0" errors="0" time="104" timestamp="2018-11-22 19:56:32" hostname="rwagh - 192.168.235.146" id="Test Suites/All-test-cases">
      <properties>
         <property name="deviceName" value=""/>
         <property name="devicePlatform" value=""/>
         <property name="logFolder" value="/Users/rwagh/Katalon Studio/Publisher2.0-Automation/Reports/All-test-cases/20181122_195630"/>
         <property name="logFiles" value="/Users/rwagh/Katalon Studio/Publisher2.0-Automation/Reports/All-test-cases/20181122_195630/execution0.log"/>
         <property name="attachments" value=""/>
         <property name="hostName" value="rwagh - 192.168.235.146"/>
         <property name="os" value="Mac OS X 64bit"/>
         <property name="katalonVersion" value="5.8.6.1"/>
         <property name="browser" value="Firefox 63.0"/>
         <property name="hostAddress" value="192.168.235.146"/>
         <property name="sessionId" value="03479b01-ce2c-6a4e-b9f1-b0af766fc250"/>
         <property name="seleniumVersion" value="3.7.1"/>
         <property name="proxyInformation" value="ProxyInformation{proxyOption=NO_PROXY, proxyServerType=HTTP, password=, proxyServerAddress=, proxyServerPort=0}"/>
         <property name="platform" value="Mac OS X"/>
      </properties>
      <testcase name="Test Cases/Login-Logout" classname="Test Cases/Login-Logout" status="PASSED">
         <system-out><![CDATA[2018-11-22 19:56:32 - [TEST_CASE][PASSED] - Test Cases/Login-Logout: Test Cases/Login-Logout

2018-11-22 19:56:33 - [TEST_STEP][PASSED] - openBrowser: Browser is opened with url: ''

2018-11-22 19:56:36 - [MESSAGE][PASSED] - Browser is opened with url: ''

2018-11-22 19:56:36 - [TEST_STEP][PASSED] - navigateToUrl: Navigate to 'http://shire-publisher.devweb01.fingertipformulary.com' successfully

2018-11-22 19:56:46 - [MESSAGE][PASSED] - Navigate to 'http://shire-publisher.devweb01.fingertipformulary.com' successfully

2018-11-22 19:56:46 - [TEST_STEP][PASSED] - setText: Text 'testdrg2@shire.com' is set on object 'Object Repository/PO-Login/input_The username password or'

2018-11-22 19:56:46 - [MESSAGE][PASSED] - Text 'testdrg2@shire.com' is set on object 'Object Repository/PO-Login/input_The username password or'

2018-11-22 19:56:46 - [TEST_STEP][PASSED] - setEncryptedText: Text ****** has been set on object 'Object Repository/PO-Login/input_Please enter your work e'

2018-11-22 19:56:46 - [MESSAGE][PASSED] - Text ****** has been set on object 'Object Repository/PO-Login/input_Please enter your work e'

2018-11-22 19:56:46 - [TEST_STEP][PASSED] - delay: Delayed 2 second(s)

2018-11-22 19:56:48 - [MESSAGE][PASSED] - Delayed 2 second(s)

2018-11-22 19:56:48 - [TEST_STEP][PASSED] - click: Object: 'Object Repository/PO-Login/input_Forgot your password_sub' is clicked on

2018-11-22 19:57:04 - [MESSAGE][PASSED] - Object: 'Object Repository/PO-Login/input_Forgot your password_sub' is clicked on

2018-11-22 19:57:04 - [TEST_STEP][PASSED] - delay: Delayed 20 second(s)

2018-11-22 19:57:24 - [MESSAGE][PASSED] - Delayed 20 second(s)

2018-11-22 19:57:24 - [TEST_STEP][PASSED] - click: Object: 'Object Repository/PO-Login/a_Shire FF Admin' is clicked on

2018-11-22 19:57:24 - [MESSAGE][PASSED] - Object: 'Object Repository/PO-Login/a_Shire FF Admin' is clicked on

2018-11-22 19:57:24 - [TEST_STEP][PASSED] - click: Object: 'Object Repository/PO-Login/a_Logout' is clicked on

2018-11-22 19:57:26 - [MESSAGE][PASSED] - Object: 'Object Repository/PO-Login/a_Logout' is clicked on

2018-11-22 19:57:26 - [TEST_STEP][PASSED] - click: Object: 'Object Repository/PO-Login/a_hide this' is clicked on

2018-11-22 19:57:27 - [MESSAGE][PASSED] - Object: 'Object Repository/PO-Login/a_hide this' is clicked on

2018-11-22 19:57:27 - [TEST_STEP][PASSED] - closeBrowser: Browser is closed

2018-11-22 19:57:27 - [MESSAGE][PASSED] - Browser is closed]]></system-out>
         <system-err><![CDATA[]]></system-err>
      </testcase>
      <testcase name="Test Cases/Login-Logout" classname="Test Cases/Login-Logout" status="PASSED">
         <system-out><![CDATA[2018-11-22 19:57:27 - [TEST_CASE][PASSED] - Test Cases/Login-Logout: Test Cases/Login-Logout

2018-11-22 19:57:27 - [TEST_STEP][PASSED] - openBrowser: Browser is opened with url: ''

2018-11-22 19:57:29 - [MESSAGE][PASSED] - Browser is opened with url: ''

2018-11-22 19:57:29 - [TEST_STEP][PASSED] - navigateToUrl: Navigate to 'http://shire-publisher.devweb01.fingertipformulary.com' successfully

2018-11-22 19:57:37 - [MESSAGE][PASSED] - Navigate to 'http://shire-publisher.devweb01.fingertipformulary.com' successfully

2018-11-22 19:57:37 - [TEST_STEP][PASSED] - setText: Text 'testdrg2@shire.com' is set on object 'Object Repository/PO-Login/input_The username password or'

2018-11-22 19:57:37 - [MESSAGE][PASSED] - Text 'testdrg2@shire.com' is set on object 'Object Repository/PO-Login/input_The username password or'

2018-11-22 19:57:37 - [TEST_STEP][PASSED] - setEncryptedText: Text ****** has been set on object 'Object Repository/PO-Login/input_Please enter your work e'

2018-11-22 19:57:37 - [MESSAGE][PASSED] - Text ****** has been set on object 'Object Repository/PO-Login/input_Please enter your work e'

2018-11-22 19:57:37 - [TEST_STEP][PASSED] - delay: Delayed 2 second(s)

2018-11-22 19:57:39 - [MESSAGE][PASSED] - Delayed 2 second(s)

2018-11-22 19:57:39 - [TEST_STEP][PASSED] - click: Object: 'Object Repository/PO-Login/input_Forgot your password_sub' is clicked on

2018-11-22 19:57:53 - [MESSAGE][PASSED] - Object: 'Object Repository/PO-Login/input_Forgot your password_sub' is clicked on

2018-11-22 19:57:53 - [TEST_STEP][PASSED] - delay: Delayed 20 second(s)

2018-11-22 19:58:13 - [MESSAGE][PASSED] - Delayed 20 second(s)

2018-11-22 19:58:13 - [TEST_STEP][PASSED] - click: Object: 'Object Repository/PO-Login/a_Shire FF Admin' is clicked on

2018-11-22 19:58:13 - [MESSAGE][PASSED] - Object: 'Object Repository/PO-Login/a_Shire FF Admin' is clicked on

2018-11-22 19:58:13 - [TEST_STEP][PASSED] - click: Object: 'Object Repository/PO-Login/a_Logout' is clicked on

2018-11-22 19:58:16 - [MESSAGE][PASSED] - Object: 'Object Repository/PO-Login/a_Logout' is clicked on

2018-11-22 19:58:16 - [TEST_STEP][PASSED] - click: Object: 'Object Repository/PO-Login/a_hide this' is clicked on

2018-11-22 19:58:16 - [MESSAGE][PASSED] - Object: 'Object Repository/PO-Login/a_hide this' is clicked on

2018-11-22 19:58:16 - [TEST_STEP][PASSED] - closeBrowser: Browser is closed

2018-11-22 19:58:16 - [MESSAGE][PASSED] - Browser is closed]]></system-out>
         <system-err><![CDATA[]]></system-err>
      </testcase>
      <system-out><![CDATA[2018-11-22 19:56:32 - [TEST_SUITE][PASSED] - All-test-cases: Test Cases/Login-Logout]]></system-out>
      <system-err><![CDATA[]]></system-err>
   </testsuite>
</testsuites>
