<?xml version="1.0" encoding="UTF-8"?>
<testsuites name="All-test-cases" time="105" tests="2" failures="0" errors="0">
   <testsuite name="All-test-cases" tests="2" failures="0" errors="0" time="105" timestamp="2018-11-22 19:42:00" hostname="rwagh - 192.168.235.146" id="Test Suites/All-test-cases">
      <properties>
         <property name="deviceName" value=""/>
         <property name="devicePlatform" value=""/>
         <property name="logFolder" value="/Users/rwagh/Katalon Studio/Publisher2.0-Automation/Reports/All-test-cases/20181122_194158"/>
         <property name="logFiles" value="/Users/rwagh/Katalon Studio/Publisher2.0-Automation/Reports/All-test-cases/20181122_194158/execution0.log"/>
         <property name="attachments" value=""/>
         <property name="hostName" value="rwagh - 192.168.235.146"/>
         <property name="os" value="Mac OS X 64bit"/>
         <property name="katalonVersion" value="5.8.6.1"/>
         <property name="browser" value="Firefox 63.0"/>
         <property name="hostAddress" value="192.168.235.146"/>
         <property name="sessionId" value="0932def6-701e-6547-9aa8-5e013f3a64d2"/>
         <property name="seleniumVersion" value="3.7.1"/>
         <property name="proxyInformation" value="ProxyInformation{proxyOption=NO_PROXY, proxyServerType=HTTP, password=, proxyServerAddress=, proxyServerPort=0}"/>
         <property name="platform" value="Mac OS X"/>
      </properties>
      <testcase name="Test Cases/Login-Logout" classname="Test Cases/Login-Logout" status="PASSED">
         <system-out><![CDATA[2018-11-22 19:42:00 - [TEST_CASE][PASSED] - Test Cases/Login-Logout: Test Cases/Login-Logout

2018-11-22 19:42:00 - [TEST_STEP][PASSED] - Start listener action : sampleBeforeTestCase: Invoke 'com.kms.katalon.core.annotation.BeforeTestCase' method: 'NewTestListener.sampleBeforeTestCase(...)' completed.

2018-11-22 19:42:00 - [TEST_STEP][PASSED] - Statement - println(testCaseContext.getTestCaseId()): null

2018-11-22 19:42:00 - [TEST_STEP][PASSED] - Statement - println(testCaseContext.getTestCaseVariables()): Invoke 'com.kms.katalon.core.annotation.BeforeTestCase' method: 'NewTestListener.sampleBeforeTestCase(...)' completed.

2018-11-22 19:42:00 - [TEST_STEP][PASSED] - openBrowser: Browser is opened with url: ''

2018-11-22 19:42:03 - [MESSAGE][PASSED] - Browser is opened with url: ''

2018-11-22 19:42:03 - [TEST_STEP][PASSED] - navigateToUrl: Navigate to 'http://shire-publisher.devweb01.fingertipformulary.com' successfully

2018-11-22 19:42:12 - [MESSAGE][PASSED] - Navigate to 'http://shire-publisher.devweb01.fingertipformulary.com' successfully

2018-11-22 19:42:12 - [TEST_STEP][PASSED] - setText: Text 'testdrg2@shire.com' is set on object 'Object Repository/PO-Login/input_The username password or'

2018-11-22 19:42:12 - [MESSAGE][PASSED] - Text 'testdrg2@shire.com' is set on object 'Object Repository/PO-Login/input_The username password or'

2018-11-22 19:42:12 - [TEST_STEP][PASSED] - setEncryptedText: Text ****** has been set on object 'Object Repository/PO-Login/input_Please enter your work e'

2018-11-22 19:42:12 - [MESSAGE][PASSED] - Text ****** has been set on object 'Object Repository/PO-Login/input_Please enter your work e'

2018-11-22 19:42:12 - [TEST_STEP][PASSED] - delay: Delayed 2 second(s)

2018-11-22 19:42:14 - [MESSAGE][PASSED] - Delayed 2 second(s)

2018-11-22 19:42:14 - [TEST_STEP][PASSED] - click: Object: 'Object Repository/PO-Login/input_Forgot your password_sub' is clicked on

2018-11-22 19:42:30 - [MESSAGE][PASSED] - Object: 'Object Repository/PO-Login/input_Forgot your password_sub' is clicked on

2018-11-22 19:42:30 - [TEST_STEP][PASSED] - delay: Delayed 20 second(s)

2018-11-22 19:42:50 - [MESSAGE][PASSED] - Delayed 20 second(s)

2018-11-22 19:42:50 - [TEST_STEP][PASSED] - click: Object: 'Object Repository/PO-Login/a_Shire FF Admin' is clicked on

2018-11-22 19:42:50 - [MESSAGE][PASSED] - Object: 'Object Repository/PO-Login/a_Shire FF Admin' is clicked on

2018-11-22 19:42:50 - [TEST_STEP][PASSED] - click: Object: 'Object Repository/PO-Login/a_Logout' is clicked on

2018-11-22 19:42:53 - [MESSAGE][PASSED] - Object: 'Object Repository/PO-Login/a_Logout' is clicked on

2018-11-22 19:42:53 - [TEST_STEP][PASSED] - click: Object: 'Object Repository/PO-Login/a_hide this' is clicked on

2018-11-22 19:42:53 - [MESSAGE][PASSED] - Object: 'Object Repository/PO-Login/a_hide this' is clicked on

2018-11-22 19:42:53 - [TEST_STEP][PASSED] - closeBrowser: Browser is closed

2018-11-22 19:42:54 - [MESSAGE][PASSED] - Browser is closed

2018-11-22 19:42:54 - [TEST_STEP][PASSED] - Start listener action : sampleAfterTestCase: Invoke 'com.kms.katalon.core.annotation.AfterTestCase' method: 'NewTestListener.sampleAfterTestCase(...)' completed.

2018-11-22 19:42:54 - [TEST_STEP][PASSED] - Statement - println(testCaseContext.getTestCaseId()): null

2018-11-22 19:42:54 - [TEST_STEP][PASSED] - Statement - println(testCaseContext.getTestCaseStatus()): Invoke 'com.kms.katalon.core.annotation.AfterTestCase' method: 'NewTestListener.sampleAfterTestCase(...)' completed.]]></system-out>
         <system-err><![CDATA[]]></system-err>
      </testcase>
      <testcase name="Test Cases/Login-Logout" classname="Test Cases/Login-Logout" status="PASSED">
         <system-out><![CDATA[2018-11-22 19:42:54 - [TEST_CASE][PASSED] - Test Cases/Login-Logout: Test Cases/Login-Logout

2018-11-22 19:42:54 - [TEST_STEP][PASSED] - Start listener action : sampleBeforeTestCase: Invoke 'com.kms.katalon.core.annotation.BeforeTestCase' method: 'NewTestListener.sampleBeforeTestCase(...)' completed.

2018-11-22 19:42:54 - [TEST_STEP][PASSED] - Statement - println(testCaseContext.getTestCaseId()): null

2018-11-22 19:42:54 - [TEST_STEP][PASSED] - Statement - println(testCaseContext.getTestCaseVariables()): Invoke 'com.kms.katalon.core.annotation.BeforeTestCase' method: 'NewTestListener.sampleBeforeTestCase(...)' completed.

2018-11-22 19:42:54 - [TEST_STEP][PASSED] - openBrowser: Browser is opened with url: ''

2018-11-22 19:42:56 - [MESSAGE][PASSED] - Browser is opened with url: ''

2018-11-22 19:42:56 - [TEST_STEP][PASSED] - navigateToUrl: Navigate to 'http://shire-publisher.devweb01.fingertipformulary.com' successfully

2018-11-22 19:43:02 - [MESSAGE][PASSED] - Navigate to 'http://shire-publisher.devweb01.fingertipformulary.com' successfully

2018-11-22 19:43:02 - [TEST_STEP][PASSED] - setText: Text 'testdrg2@shire.com' is set on object 'Object Repository/PO-Login/input_The username password or'

2018-11-22 19:43:02 - [MESSAGE][PASSED] - Text 'testdrg2@shire.com' is set on object 'Object Repository/PO-Login/input_The username password or'

2018-11-22 19:43:02 - [TEST_STEP][PASSED] - setEncryptedText: Text ****** has been set on object 'Object Repository/PO-Login/input_Please enter your work e'

2018-11-22 19:43:02 - [MESSAGE][PASSED] - Text ****** has been set on object 'Object Repository/PO-Login/input_Please enter your work e'

2018-11-22 19:43:02 - [TEST_STEP][PASSED] - delay: Delayed 2 second(s)

2018-11-22 19:43:04 - [MESSAGE][PASSED] - Delayed 2 second(s)

2018-11-22 19:43:04 - [TEST_STEP][PASSED] - click: Object: 'Object Repository/PO-Login/input_Forgot your password_sub' is clicked on

2018-11-22 19:43:22 - [MESSAGE][PASSED] - Object: 'Object Repository/PO-Login/input_Forgot your password_sub' is clicked on

2018-11-22 19:43:22 - [TEST_STEP][PASSED] - delay: Delayed 20 second(s)

2018-11-22 19:43:42 - [MESSAGE][PASSED] - Delayed 20 second(s)

2018-11-22 19:43:42 - [TEST_STEP][PASSED] - click: Object: 'Object Repository/PO-Login/a_Shire FF Admin' is clicked on

2018-11-22 19:43:42 - [MESSAGE][PASSED] - Object: 'Object Repository/PO-Login/a_Shire FF Admin' is clicked on

2018-11-22 19:43:42 - [TEST_STEP][PASSED] - click: Object: 'Object Repository/PO-Login/a_Logout' is clicked on

2018-11-22 19:43:45 - [MESSAGE][PASSED] - Object: 'Object Repository/PO-Login/a_Logout' is clicked on

2018-11-22 19:43:45 - [TEST_STEP][PASSED] - click: Object: 'Object Repository/PO-Login/a_hide this' is clicked on

2018-11-22 19:43:45 - [MESSAGE][PASSED] - Object: 'Object Repository/PO-Login/a_hide this' is clicked on

2018-11-22 19:43:45 - [TEST_STEP][PASSED] - closeBrowser: Browser is closed

2018-11-22 19:43:45 - [MESSAGE][PASSED] - Browser is closed

2018-11-22 19:43:45 - [TEST_STEP][PASSED] - Start listener action : sampleAfterTestCase: Invoke 'com.kms.katalon.core.annotation.AfterTestCase' method: 'NewTestListener.sampleAfterTestCase(...)' completed.

2018-11-22 19:43:45 - [TEST_STEP][PASSED] - Statement - println(testCaseContext.getTestCaseId()): null

2018-11-22 19:43:45 - [TEST_STEP][PASSED] - Statement - println(testCaseContext.getTestCaseStatus()): Invoke 'com.kms.katalon.core.annotation.AfterTestCase' method: 'NewTestListener.sampleAfterTestCase(...)' completed.]]></system-out>
         <system-err><![CDATA[]]></system-err>
      </testcase>
      <system-out><![CDATA[2018-11-22 19:42:00 - [TEST_SUITE][PASSED] - All-test-cases: Test Cases/Login-Logout]]></system-out>
      <system-err><![CDATA[]]></system-err>
   </testsuite>
</testsuites>
